This is pdfTeX, Version 3.141592653-2.6-1.40.24 (MiKTeX 22.1) (preloaded format=pdflatex 2022.2.6)  6 FEB 2022 20:08
entering extended mode
 restricted \write18 enabled.
 %&-line parsing enabled.
**./Project1Report.tex
(Project1Report.tex
LaTeX2e <2021-11-15> patch level 1
L3 programming layer <2022-01-21>
(C:\Users\sarah\AppData\Local\Programs\MiKTeX\tex/latex/base\article.cls
Document Class: article 2021/10/04 v1.4n Standard LaTeX document class
(C:\Users\sarah\AppData\Local\Programs\MiKTeX\tex/latex/base\size11.clo
File: size11.clo 2021/10/04 v1.4n Standard LaTeX file (size option)
)
\c@part=\count185
\c@section=\count186
\c@subsection=\count187
\c@subsubsection=\count188
\c@paragraph=\count189
\c@subparagraph=\count190
\c@figure=\count191
\c@table=\count192
\abovecaptionskip=\skip47
\belowcaptionskip=\skip48
\bibindent=\dimen138
)
(jmlr2e.sty
Document Style `jmlr' -- January 2016.
(C:\Users\sarah\AppData\Local\Programs\MiKTeX\tex/latex/graphics\epsfig.sty
Package: epsfig 2017/06/25 v1.7b (e)psfig emulation (SPQR)

(C:\Users\sarah\AppData\Local\Programs\MiKTeX\tex/latex/graphics\graphicx.sty
Package: graphicx 2021/09/16 v1.2d Enhanced LaTeX Graphics (DPC,SPQR)

(C:\Users\sarah\AppData\Local\Programs\MiKTeX\tex/latex/graphics\keyval.sty
Package: keyval 2014/10/28 v1.15 key=value parser (DPC)
\KV@toks@=\toks16
)
(C:\Users\sarah\AppData\Local\Programs\MiKTeX\tex/latex/graphics\graphics.sty
Package: graphics 2021/03/04 v1.4d Standard LaTeX Graphics (DPC,SPQR)

(C:\Users\sarah\AppData\Local\Programs\MiKTeX\tex/latex/graphics\trig.sty
Package: trig 2021/08/11 v1.11 sin cos tan (DPC)
)
(C:\Users\sarah\AppData\Local\Programs\MiKTeX\tex/latex/graphics-cfg\graphics.c
fg
File: graphics.cfg 2016/06/04 v1.11 sample graphics configuration
)
Package graphics Info: Driver file: pdftex.def on input line 107.

(C:\Users\sarah\AppData\Local\Programs\MiKTeX\tex/latex/graphics-def\pdftex.def
File: pdftex.def 2020/10/05 v1.2a Graphics/color driver for pdftex
))
\Gin@req@height=\dimen139
\Gin@req@width=\dimen140
)
\epsfxsize=\dimen141
\epsfysize=\dimen142
)
(C:\Users\sarah\AppData\Local\Programs\MiKTeX\tex/latex/amsfonts\amssymb.sty
Package: amssymb 2013/01/14 v3.01 AMS font symbols

(C:\Users\sarah\AppData\Local\Programs\MiKTeX\tex/latex/amsfonts\amsfonts.sty
Package: amsfonts 2013/01/14 v3.01 Basic AMSFonts support
\@emptytoks=\toks17
\symAMSa=\mathgroup4
\symAMSb=\mathgroup5
LaTeX Font Info:    Redeclaring math symbol \hbar on input line 98.
LaTeX Font Info:    Overwriting math alphabet `\mathfrak' in version `bold'
(Font)                  U/euf/m/n --> U/euf/b/n on input line 106.
)) (C:\Users\sarah\AppData\Local\Programs\MiKTeX\tex/latex/natbib\natbib.sty
Package: natbib 2010/09/13 8.31b (PWD, AO)
\bibhang=\skip49
\bibsep=\skip50
LaTeX Info: Redefining \cite on input line 694.
\c@NAT@ctr=\count193
)
(C:\Users\sarah\AppData\Local\Programs\MiKTeX\tex/latex/hyperref\hyperref.sty
Package: hyperref 2021-06-07 v7.00m Hypertext links for LaTeX

(C:\Users\sarah\AppData\Local\Programs\MiKTeX\tex/generic/ltxcmds\ltxcmds.sty
Package: ltxcmds 2020-05-10 v1.25 LaTeX kernel commands for general use (HO)
)
(C:\Users\sarah\AppData\Local\Programs\MiKTeX\tex/generic/iftex\iftex.sty
Package: iftex 2020/03/06 v1.0d TeX engine tests
)
(C:\Users\sarah\AppData\Local\Programs\MiKTeX\tex/generic/pdftexcmds\pdftexcmds
.sty
Package: pdftexcmds 2020-06-27 v0.33 Utility functions of pdfTeX for LuaTeX (HO
)

(C:\Users\sarah\AppData\Local\Programs\MiKTeX\tex/generic/infwarerr\infwarerr.s
ty
Package: infwarerr 2019/12/03 v1.5 Providing info/warning/error messages (HO)
)
Package pdftexcmds Info: \pdf@primitive is available.
Package pdftexcmds Info: \pdf@ifprimitive is available.
Package pdftexcmds Info: \pdfdraftmode found.
)
(C:\Users\sarah\AppData\Local\Programs\MiKTeX\tex/generic/kvsetkeys\kvsetkeys.s
ty
Package: kvsetkeys 2019/12/15 v1.18 Key value parser (HO)
)
(C:\Users\sarah\AppData\Local\Programs\MiKTeX\tex/generic/kvdefinekeys\kvdefine
keys.sty
Package: kvdefinekeys 2019-12-19 v1.6 Define keys (HO)
)
(C:\Users\sarah\AppData\Local\Programs\MiKTeX\tex/generic/pdfescape\pdfescape.s
ty
Package: pdfescape 2019/12/09 v1.15 Implements pdfTeX's escape features (HO)
) (C:\Users\sarah\AppData\Local\Programs\MiKTeX\tex/latex/hycolor\hycolor.sty
Package: hycolor 2020-01-27 v1.10 Color options for hyperref/bookmark (HO)
)
(C:\Users\sarah\AppData\Local\Programs\MiKTeX\tex/latex/letltxmacro\letltxmacro
.sty
Package: letltxmacro 2019/12/03 v1.6 Let assignment for LaTeX macros (HO)
)
(C:\Users\sarah\AppData\Local\Programs\MiKTeX\tex/latex/auxhook\auxhook.sty
Package: auxhook 2019-12-17 v1.6 Hooks for auxiliary files (HO)
)
(C:\Users\sarah\AppData\Local\Programs\MiKTeX\tex/latex/kvoptions\kvoptions.sty
Package: kvoptions 2020-10-07 v3.14 Key value format for package options (HO)
)
\@linkdim=\dimen143
\Hy@linkcounter=\count194
\Hy@pagecounter=\count195
 (C:\Users\sarah\AppData\Local\Programs\MiKTeX\tex/latex/hyperref\pd1enc.def
File: pd1enc.def 2021-06-07 v7.00m Hyperref: PDFDocEncoding definition (HO)
Now handling font encoding PD1 ...
... no UTF-8 mapping file for font encoding PD1
)
(C:\Users\sarah\AppData\Local\Programs\MiKTeX\tex/latex/hyperref\hyperref-langp
atches.def
File: hyperref-langpatches.def 2021-06-07 v7.00m Hyperref: patches for babel la
nguages
)
(C:\Users\sarah\AppData\Local\Programs\MiKTeX\tex/generic/intcalc\intcalc.sty
Package: intcalc 2019/12/15 v1.3 Expandable calculations with integers (HO)
)
(C:\Users\sarah\AppData\Local\Programs\MiKTeX\tex/generic/etexcmds\etexcmds.sty
Package: etexcmds 2019/12/15 v1.7 Avoid name clashes with e-TeX commands (HO)
)
\Hy@SavedSpaceFactor=\count196
 (C:\Users\sarah\AppData\Local\Programs\MiKTeX\tex/latex/hyperref\puenc.def
File: puenc.def 2021-06-07 v7.00m Hyperref: PDF Unicode definition (HO)
Now handling font encoding PU ...
... no UTF-8 mapping file for font encoding PU
)
Package hyperref Info: Option `colorlinks' set `false' on input line 4073.
Package hyperref Info: Hyper figures OFF on input line 4192.
Package hyperref Info: Link nesting OFF on input line 4197.
Package hyperref Info: Hyper index ON on input line 4200.
Package hyperref Info: Plain pages OFF on input line 4207.
Package hyperref Info: Backreferencing OFF on input line 4212.
Package hyperref Info: Implicit mode ON; LaTeX internals redefined.
Package hyperref Info: Bookmarks ON on input line 4445.
\c@Hy@tempcnt=\count197

(C:\Users\sarah\AppData\Local\Programs\MiKTeX\tex/latex/url\url.sty
\Urlmuskip=\muskip16
Package: url 2013/09/16  ver 3.4  Verb mode for urls, etc.
)
LaTeX Info: Redefining \url on input line 4804.
\XeTeXLinkMargin=\dimen144

(C:\Users\sarah\AppData\Local\Programs\MiKTeX\tex/generic/bitset\bitset.sty
Package: bitset 2019/12/09 v1.3 Handle bit-vector datatype (HO)

(C:\Users\sarah\AppData\Local\Programs\MiKTeX\tex/generic/bigintcalc\bigintcalc
.sty
Package: bigintcalc 2019/12/15 v1.5 Expandable calculations on big integers (HO
)
))
\Fld@menulength=\count198
\Field@Width=\dimen145
\Fld@charsize=\dimen146
Package hyperref Info: Hyper figures OFF on input line 6076.
Package hyperref Info: Link nesting OFF on input line 6081.
Package hyperref Info: Hyper index ON on input line 6084.
Package hyperref Info: backreferencing OFF on input line 6091.
Package hyperref Info: Link coloring OFF on input line 6096.
Package hyperref Info: Link coloring with OCG OFF on input line 6101.
Package hyperref Info: PDF/A mode OFF on input line 6106.
LaTeX Info: Redefining \ref on input line 6146.
LaTeX Info: Redefining \pageref on input line 6150.

(C:\Users\sarah\AppData\Local\Programs\MiKTeX\tex/latex/base\atbegshi-ltx.sty
Package: atbegshi-ltx 2021/01/10 v1.0c Emulation of the original atbegshi
package with kernel methods
)
\Hy@abspage=\count199
\c@Item=\count266
\c@Hfootnote=\count267
)
Package hyperref Info: Driver (autodetected): hpdftex.
(C:\Users\sarah\AppData\Local\Programs\MiKTeX\tex/latex/hyperref\hpdftex.def
File: hpdftex.def 2021-06-07 v7.00m Hyperref driver for pdfTeX

(C:\Users\sarah\AppData\Local\Programs\MiKTeX\tex/latex/base\atveryend-ltx.sty
Package: atveryend-ltx 2020/08/19 v1.0a Emulation of the original atveryend pac
kage
with kernel methods
)
\Fld@listcount=\count268
\c@bookmark@seq@number=\count269

(C:\Users\sarah\AppData\Local\Programs\MiKTeX\tex/latex/rerunfilecheck\rerunfil
echeck.sty
Package: rerunfilecheck 2019/12/05 v1.9 Rerun checks for auxiliary files (HO)

(C:\Users\sarah\AppData\Local\Programs\MiKTeX\tex/generic/uniquecounter\uniquec
ounter.sty
Package: uniquecounter 2019/12/15 v1.4 Provide unlimited unique counter (HO)
)
Package uniquecounter Info: New unique counter `rerunfilecheck' on input line 2
86.
)
\Hy@SectionHShift=\skip51
)
\aftertitskip=\skip52
\beforetitskip=\skip53
\interauthorskip=\skip54
\aftermaketitskip=\skip55
\c@example=\count270
\c@theorem=\count271
)
(C:\Users\sarah\AppData\Local\Programs\MiKTeX\tex/latex/l3backend\l3backend-pdf
tex.def
File: l3backend-pdftex.def 2022-01-12 L3 backend support: PDF output (pdfTeX)
\l__color_backend_stack_int=\count272
\l__pdf_internal_box=\box50
) (Project1Report.aux)
\openout1 = `Project1Report.aux'.

LaTeX Font Info:    Checking defaults for OML/cmm/m/it on input line 14.
LaTeX Font Info:    ... okay on input line 14.
LaTeX Font Info:    Checking defaults for OMS/cmsy/m/n on input line 14.
LaTeX Font Info:    ... okay on input line 14.
LaTeX Font Info:    Checking defaults for OT1/cmr/m/n on input line 14.
LaTeX Font Info:    ... okay on input line 14.
LaTeX Font Info:    Checking defaults for T1/cmr/m/n on input line 14.
LaTeX Font Info:    ... okay on input line 14.
LaTeX Font Info:    Checking defaults for TS1/cmr/m/n on input line 14.
LaTeX Font Info:    ... okay on input line 14.
LaTeX Font Info:    Checking defaults for OMX/cmex/m/n on input line 14.
LaTeX Font Info:    ... okay on input line 14.
LaTeX Font Info:    Checking defaults for U/cmr/m/n on input line 14.
LaTeX Font Info:    ... okay on input line 14.
LaTeX Font Info:    Checking defaults for PD1/pdf/m/n on input line 14.
LaTeX Font Info:    ... okay on input line 14.
LaTeX Font Info:    Checking defaults for PU/pdf/m/n on input line 14.
LaTeX Font Info:    ... okay on input line 14.

(C:\Users\sarah\AppData\Local\Programs\MiKTeX\tex/context/base/mkii\supp-pdf.mk
ii
[Loading MPS to PDF converter (version 2006.09.02).]
\scratchcounter=\count273
\scratchdimen=\dimen147
\scratchbox=\box51
\nofMPsegments=\count274
\nofMParguments=\count275
\everyMPshowfont=\toks18
\MPscratchCnt=\count276
\MPscratchDim=\dimen148
\MPnumerator=\count277
\makeMPintoPDFobject=\count278
\everyMPtoPDFconversion=\toks19
)
(C:\Users\sarah\AppData\Local\Programs\MiKTeX\tex/latex/epstopdf-pkg\epstopdf-b
ase.sty
Package: epstopdf-base 2020-01-24 v2.11 Base part for package epstopdf
Package epstopdf-base Info: Redefining graphics rule for `.eps' on input line 4
85.

(C:\Users\sarah\AppData\Local\Programs\MiKTeX\tex/latex/00miktex\epstopdf-sys.c
fg
File: epstopdf-sys.cfg 2021/03/18 v2.0 Configuration of epstopdf for MiKTeX
))
Package hyperref Info: Link coloring OFF on input line 14.

(C:\Users\sarah\AppData\Local\Programs\MiKTeX\tex/latex/hyperref\nameref.sty
Package: nameref 2021-04-02 v2.47 Cross-referencing by name of section

(C:\Users\sarah\AppData\Local\Programs\MiKTeX\tex/latex/refcount\refcount.sty
Package: refcount 2019/12/15 v3.6 Data extraction from label references (HO)
)
(C:\Users\sarah\AppData\Local\Programs\MiKTeX\tex/generic/gettitlestring\gettit
lestring.sty
Package: gettitlestring 2019/12/15 v1.6 Cleanup title references (HO)
)
\c@section@level=\count279
)
LaTeX Info: Redefining \ref on input line 14.
LaTeX Info: Redefining \pageref on input line 14.
LaTeX Info: Redefining \nameref on input line 14.
 (Project1Report.out) (Project1Report.out)
\@outlinefile=\write3
\openout3 = `Project1Report.out'.


! Undefined control sequence.
<recently read> \phone 
                       
l.25 \maketitle
               
The control sequence at the end of the top line
of your error message was never \def'ed. If you have
misspelled it (e.g., `\hobx'), type `I' and the correct
spelling (e.g., `I\hbox'). Otherwise just continue,
and I'll forget about whatever was undefined.


Underfull \hbox (badness 10000) in paragraph at lines 29--34

 []

[1

{C:/Users/sarah/AppData/Local/MiKTeX/fonts/map/pdftex/pdftex.map}]
Underfull \hbox (badness 10000) in paragraph at lines 39--40

 []

[2]
LaTeX Font Info:    Trying to load font information for U+msa on input line 48.

 (C:\Users\sarah\AppData\Local\Programs\MiKTeX\tex/latex/amsfonts\umsa.fd
File: umsa.fd 2013/01/14 v3.01 AMS symbols A
)
LaTeX Font Info:    Trying to load font information for U+msb on input line 48.


(C:\Users\sarah\AppData\Local\Programs\MiKTeX\tex/latex/amsfonts\umsb.fd
File: umsb.fd 2013/01/14 v3.01 AMS symbols B
)
Overfull \hbox (3.28027pt too wide) in paragraph at lines 42--79
[]$\OT1/cmtt/m/n/10.95 https : / / archive . ics . uci . edu / ml / datasets / 
Breast + Cancer + Wisconsin + %28Original %
 []


Underfull \hbox (badness 10000) in paragraph at lines 42--79

 []

[3]
Underfull \hbox (badness 10000) in paragraph at lines 83--85

 []

<./images//BC_Results.png, id=49, 469.755pt x 135.00438pt>
File: ./images//BC_Results.png Graphic file (type png)
<use ./images//BC_Results.png>
Package pdftex.def Info: ./images//BC_Results.png  used on input line 90.
(pdftex.def)             Requested size: 281.85518pt x 81.00323pt.
<./images//CE_Results.png, id=51, 470.75874pt x 134.5025pt>
File: ./images//CE_Results.png Graphic file (type png)
<use ./images//CE_Results.png>
Package pdftex.def Info: ./images//CE_Results.png  used on input line 98.
(pdftex.def)             Requested size: 282.45743pt x 80.7021pt.
<./images//CV_Results.png, id=52, 471.26062pt x 134.00063pt>
File: ./images//CV_Results.png Graphic file (type png)
<use ./images//CV_Results.png>
Package pdftex.def Info: ./images//CV_Results.png  used on input line 106.
(pdftex.def)             Requested size: 282.75856pt x 80.40097pt.
[4 <./images//BC_Results.png> <./images//CE_Results.png> <./images//CV_Results.
png>]
<./images//AB_Results.png, id=63, 470.25688pt x 119.44624pt>
File: ./images//AB_Results.png Graphic file (type png)
<use ./images//AB_Results.png>
Package pdftex.def Info: ./images//AB_Results.png  used on input line 117.
(pdftex.def)             Requested size: 282.15631pt x 71.66829pt.
<./images//CH_Results.png, id=64, 473.26813pt x 116.93687pt>
File: ./images//CH_Results.png Graphic file (type png)
<use ./images//CH_Results.png>
Package pdftex.def Info: ./images//CH_Results.png  used on input line 125.
(pdftex.def)             Requested size: 283.96306pt x 70.16264pt.
<./images//FF_Results.png, id=65, 472.26437pt x 119.44624pt>
File: ./images//FF_Results.png Graphic file (type png)
<use ./images//FF_Results.png>
Package pdftex.def Info: ./images//FF_Results.png  used on input line 133.
(pdftex.def)             Requested size: 283.36081pt x 71.66829pt.
 [5 <./images//AB_Results.png> <./images//CH_Results.png> <./images//FF_Results
.png>] [6] [7] (Project1Report.bbl

Package natbib Warning: Empty `thebibliography' environment on input line 8.

) [8] (Project1Report.aux)
Package rerunfilecheck Info: File `Project1Report.out' has not changed.
(rerunfilecheck)             Checksum: CD01CCEB625938019430AC93CDC4EC19;594.
 ) 
Here is how much of TeX's memory you used:
 9249 strings out of 478593
 145092 string characters out of 2844605
 433223 words of memory out of 3000000
 27295 multiletter control sequences out of 15000+600000
 476894 words of font info for 56 fonts, out of 8000000 for 9000
 1141 hyphenation exceptions out of 8191
 85i,7n,90p,978b,322s stack positions out of 5000i,500n,10000p,200000b,80000s
<C:/Users/sarah/AppData/Local/Programs/MiKTeX/fonts/type1/public/amsfonts/cm/
cmbx10.pfb><C:/Users/sarah/AppData/Local/Programs/MiKTeX/fonts/type1/public/ams
fonts/cm/cmbx12.pfb><C:/Users/sarah/AppData/Local/Programs/MiKTeX/fonts/type1/p
ublic/amsfonts/cm/cmcsc10.pfb><C:/Users/sarah/AppData/Local/Programs/MiKTeX/fon
ts/type1/public/amsfonts/cm/cmmi10.pfb><C:/Users/sarah/AppData/Local/Programs/M
iKTeX/fonts/type1/public/amsfonts/cm/cmr10.pfb><C:/Users/sarah/AppData/Local/Pr
ograms/MiKTeX/fonts/type1/public/amsfonts/cm/cmsy10.pfb><C:/Users/sarah/AppData
/Local/Programs/MiKTeX/fonts/type1/public/amsfonts/cm/cmti10.pfb><C:/Users/sara
h/AppData/Local/Programs/MiKTeX/fonts/type1/public/amsfonts/cm/cmtt10.pfb>
Output written on Project1Report.pdf (8 pages, 212296 bytes).
PDF statistics:
 133 PDF objects out of 1000 (max. 8388607)
 21 named destinations out of 1000 (max. 500000)
 71 words of extra memory for PDF output out of 10000 (max. 10000000)

